<?xml version="1.0" encoding="UTF-8"?>
<!-- Generated by org.testng.reporters.JUnitReportReporter -->
<testsuite skipped="0" hostname="PC-PC" name="com.goushuini.PracticeGouShuiNi171212.TestCase" tests="1" failures="0" timestamp="19 十二月 2017 13:18:58 GMT" time="21.779" errors="0">
  <testcase name="testCase" time="21.779" classname="com.goushuini.PracticeGouShuiNi171212.TestCase"/>
</testsuite> <!-- com.goushuini.PracticeGouShuiNi171212.TestCase -->
